[0112/212544.796:ERROR:process_memory_win.cc(73)] ReadMemory at 0x1ce05f83750 of 72 bytes failed: 仅完成部分的 ReadProcessMemory 或 WriteProcessMemory 请求。 (0x12B)
[0112/212544.797:WARNING:pe_image_annotations_reader.cc(134)] could not read annotations list object in C:\Program Files (x86)\Google\Chrome\Application\78.0.3904.97\chrome_elf.dll
[0112/212544.798:ERROR:process_memory_win.cc(73)] ReadMemory at 0x1ce05f98fc0 of 72 bytes failed: 仅完成部分的 ReadProcessMemory 或 WriteProcessMemory 请求。 (0x12B)
[0112/212544.798:WARNING:pe_image_annotations_reader.cc(134)] could not read annotations list object in C:\Program Files (x86)\Google\Chrome\Application\78.0.3904.97\chrome_child.dll
[0112/212544.841:ERROR:process_memory_win.cc(73)] ReadMemory at 0x7ff70ce70000 of 64 bytes failed: 仅完成部分的 ReadProcessMemory 或 WriteProcessMemory 请求。 (0x12B)
[0112/212544.842:WARNING:pe_image_reader.cc(340)] could not read dos header from C:\Program Files (x86)\Google\Chrome\Application\chrome.exe
[0112/212544.842:ERROR:process_memory_win.cc(73)] ReadMemory at 0x7ff8d83a0000 of 64 bytes failed: 仅完成部分的 ReadProcessMemory 或 WriteProcessMemory 请求。 (0x12B)
[0112/212544.842:WARNING:pe_image_reader.cc(340)] could not read dos header from C:\WINDOWS\SYSTEM32\ntdll.dll
[0112/212544.842:ERROR:process_memory_win.cc(73)] ReadMemory at 0x7ff8d75c0000 of 64 bytes failed: 仅完成部分的 ReadProcessMemory 或 WriteProcessMemory 请求。 (0x12B)
[0112/212544.842:WARNING:pe_image_reader.cc(340)] could not read dos header from C:\WINDOWS\System32\KERNEL32.DLL
[0112/212544.842:ERROR:process_memory_win.cc(73)] ReadMemory at 0x7ff8d6150000 of 64 bytes failed: 仅完成部分的 ReadProcessMemory 或 WriteProcessMemory 请求。 (0x12B)
[0112/212544.842:WARNING:pe_image_reader.cc(340)] could not read dos header from C:\WINDOWS\System32\KERNELBASE.dll
[0112/212544.842:ERROR:process_memory_win.cc(73)] ReadMemory at 0x7ff8b1e90000 of 64 bytes failed: 仅完成部分的 ReadProcessMemory 或 WriteProcessMemory 请求。 (0x12B)
[0112/212544.842:WARNING:pe_image_reader.cc(340)] could not read dos header from C:\Program Files (x86)\Google\Chrome\Application\78.0.3904.97\chrome_elf.dll
[0112/212544.842:ERROR:process_memory_win.cc(73)] ReadMemory at 0x7ff8ce7f0000 of 64 bytes failed: 仅完成部分的 ReadProcessMemory 或 WriteProcessMemory 请求。 (0x12B)
[0112/212544.842:WARNING:pe_image_reader.cc(340)] could not read dos header from C:\WINDOWS\SYSTEM32\VERSION.dll
[0112/212544.842:ERROR:process_memory_win.cc(73)] ReadMemory at 0x7ff8d6c50000 of 64 bytes failed: 仅完成部分的 ReadProcessMemory 或 WriteProcessMemory 请求。 (0x12B)
[0112/212544.842:WARNING:pe_image_reader.cc(340)] could not read dos header from C:\WINDOWS\System32\msvcrt.dll
[0112/212544.842:ERROR:process_memory_win.cc(73)] ReadMemory at 0x7ff8d5350000 of 64 bytes failed: 仅完成部分的 ReadProcessMemory 或 WriteProcessMemory 请求。 (0x12B)
[0112/212544.842:WARNING:pe_image_reader.cc(340)] could not read dos header from C:\WINDOWS\System32\bcryptPrimitives.dll
[0112/212544.842:ERROR:process_memory_win.cc(73)] ReadMemory at 0x7ff8d64e0000 of 64 bytes failed: 仅完成部分的 ReadProcessMemory 或 WriteProcessMemory 请求。 (0x12B)
[0112/212544.842:WARNING:pe_image_reader.cc(340)] could not read dos header from C:\WINDOWS\System32\ADVAPI32.dll
[0112/212544.842:ERROR:process_memory_win.cc(73)] ReadMemory at 0x7ff8d66d0000 of 64 bytes failed: 仅完成部分的 ReadProcessMemory 或 WriteProcessMemory 请求。 (0x12B)
[0112/212544.842:WARNING:pe_image_reader.cc(340)] could not read dos header from C:\WINDOWS\System32\sechost.dll
[0112/212544.842:ERROR:process_memory_win.cc(73)] ReadMemory at 0x7ff8d7350000 of 64 bytes failed: 仅完成部分的 ReadProcessMemory 或 WriteProcessMemory 请求。 (0x12B)
[0112/212544.843:WARNING:pe_image_reader.cc(340)] could not read dos header from C:\WINDOWS\System32\RPCRT4.dll
[0112/212544.843:ERROR:process_memory_win.cc(73)] ReadMemory at 0x7ff87dfc0000 of 64 bytes failed: 仅完成部分的 ReadProcessMemory 或 WriteProcessMemory 请求。 (0x12B)
[0112/212544.843:WARNING:pe_image_reader.cc(340)] could not read dos header from C:\Program Files (x86)\Google\Chrome\Application\78.0.3904.97\chrome_child.dll
[0112/212544.843:ERROR:process_memory_win.cc(73)] ReadMemory at 0x7ff8d74f0000 of 64 bytes failed: 仅完成部分的 ReadProcessMemory 或 WriteProcessMemory 请求。 (0x12B)
[0112/212544.843:WARNING:pe_image_reader.cc(340)] could not read dos header from C:\WINDOWS\System32\OLEAUT32.dll
[0112/212544.843:ERROR:process_memory_win.cc(73)] ReadMemory at 0x7ff8d60b0000 of 64 bytes failed: 仅完成部分的 ReadProcessMemory 或 WriteProcessMemory 请求。 (0x12B)
[0112/212544.843:WARNING:pe_image_reader.cc(340)] could not read dos header from C:\WINDOWS\System32\msvcp_win.dll
[0112/212544.843:ERROR:process_memory_win.cc(73)] ReadMemory at 0x7ff8d5d30000 of 64 bytes failed: 仅完成部分的 ReadProcessMemory 或 WriteProcessMemory 请求。 (0x12B)
[0112/212544.843:WARNING:pe_image_reader.cc(340)] could not read dos header from C:\WINDOWS\System32\ucrtbase.dll
[0112/212544.843:ERROR:process_memory_win.cc(73)] ReadMemory at 0x7ff8d67e0000 of 64 bytes failed: 仅完成部分的 ReadProcessMemory 或 WriteProcessMemory 请求。 (0x12B)
[0112/212544.843:WARNING:pe_image_reader.cc(340)] could not read dos header from C:\WINDOWS\System32\combase.dll
[0112/212544.843:ERROR:process_memory_win.cc(73)] ReadMemory at 0x7ff8d6b80000 of 64 bytes failed: 仅完成部分的 ReadProcessMemory 或 WriteProcessMemory 请求。 (0x12B)
[0112/212544.843:WARNING:pe_image_reader.cc(340)] could not read dos header from C:\WINDOWS\System32\WS2_32.dll
[0112/212544.843:ERROR:process_memory_win.cc(73)] ReadMemory at 0x7ff8d53d0000 of 64 bytes failed: 仅完成部分的 ReadProcessMemory 或 WriteProcessMemory 请求。 (0x12B)
[0112/212544.843:WARNING:pe_image_reader.cc(340)] could not read dos header from C:\WINDOWS\System32\WINTRUST.dll
[0112/212544.843:ERROR:process_memory_win.cc(73)] ReadMemory at 0x7ff8d5310000 of 64 bytes failed: 仅完成部分的 ReadProcessMemory 或 WriteProcessMemory 请求。 (0x12B)
[0112/212544.843:WARNING:pe_image_reader.cc(340)] could not read dos header from C:\WINDOWS\System32\MSASN1.dll
[0112/212544.843:ERROR:process_memory_win.cc(73)] ReadMemory at 0x7ff8d5bb0000 of 64 bytes failed: 仅完成部分的 ReadProcessMemory 或 WriteProcessMemory 请求。 (0x12B)
[0112/212544.843:WARNING:pe_image_reader.cc(340)] could not read dos header from C:\WINDOWS\System32\CRYPT32.dll
[0112/212544.843:ERROR:process_memory_win.cc(73)] ReadMemory at 0x7ff8d47f0000 of 64 bytes failed: 仅完成部分的 ReadProcessMemory 或 WriteProcessMemory 请求。 (0x12B)
[0112/212544.843:WARNING:pe_image_reader.cc(340)] could not read dos header from C:\WINDOWS\SYSTEM32\IPHLPAPI.DLL
[0112/212544.843:ERROR:process_memory_win.cc(73)] ReadMemory at 0x7ff8d14b0000 of 64 bytes failed: 仅完成部分的 ReadProcessMemory 或 WriteProcessMemory 请求。 (0x12B)
[0112/212544.843:WARNING:pe_image_reader.cc(340)] could not read dos header from C:\WINDOWS\SYSTEM32\WINMM.dll
[0112/212544.843:ERROR:process_memory_win.cc(73)] ReadMemory at 0x7ff8d5190000 of 64 bytes failed: 仅完成部分的 ReadProcessMemory 或 WriteProcessMemory 请求。 (0x12B)
[0112/212544.843:WARNING:pe_image_reader.cc(340)] could not read dos header from C:\WINDOWS\SYSTEM32\USERENV.dll
[0112/212544.843:ERROR:process_memory_win.cc(73)] ReadMemory at 0x7ff8d5280000 of 64 bytes failed: 仅完成部分的 ReadProcessMemory 或 WriteProcessMemory 请求。 (0x12B)
[0112/212544.843:WARNING:pe_image_reader.cc(340)] could not read dos header from C:\WINDOWS\System32\profapi.dll
[0112/212544.843:ERROR:process_memory_win.cc(73)] ReadMemory at 0x7ff8ba5c0000 of 64 bytes failed: 仅完成部分的 ReadProcessMemory 或 WriteProcessMemory 请求。 (0x12B)
[0112/212544.843:WARNING:pe_image_reader.cc(340)] could not read dos header from C:\WINDOWS\SYSTEM32\DWrite.dll
[0112/212544.843:ERROR:process_memory_win.cc(73)] ReadMemory at 0x7ff8bd0b0000 of 64 bytes failed: 仅完成部分的 ReadProcessMemory 或 WriteProcessMemory 请求。 (0x12B)
[0112/212544.843:WARNING:pe_image_reader.cc(340)] could not read dos header from C:\WINDOWS\SYSTEM32\WINSPOOL.DRV
[0112/212544.843:ERROR:process_memory_win.cc(73)] ReadMemory at 0x7ff8d52a0000 of 64 bytes failed: 仅完成部分的 ReadProcessMemory 或 WriteProcessMemory 请求。 (0x12B)
[0112/212544.843:WARNING:pe_image_reader.cc(340)] could not read dos header from C:\WINDOWS\System32\kernel.appcore.dll
[0112/212544.843:ERROR:process_memory_win.cc(73)] ReadMemory at 0x7ff8d5d00000 of 64 bytes failed: 仅完成部分的 ReadProcessMemory 或 WriteProcessMemory 请求。 (0x12B)
[0112/212544.843:WARNING:pe_image_reader.cc(340)] could not read dos header from C:\WINDOWS\System32\bcrypt.dll
[0112/212544.843:ERROR:process_memory_win.cc(73)] ReadMemory at 0x7ff8d3b90000 of 64 bytes failed: 仅完成部分的 ReadProcessMemory 或 WriteProcessMemory 请求。 (0x12B)
[0112/212544.843:WARNING:pe_image_reader.cc(340)] could not read dos header from C:\WINDOWS\SYSTEM32\dbghelp.dll
[0112/212544.843:ERROR:process_memory_win.cc(73)] ReadMemory at 0x7ff8c2080000 of 64 bytes failed: 仅完成部分的 ReadProcessMemory 或 WriteProcessMemory 请求。 (0x12B)
[0112/212544.843:WARNING:pe_image_reader.cc(340)] could not read dos header from C:\WINDOWS\SYSTEM32\Secur32.dll
[0112/212544.844:ERROR:process_memory_win.cc(73)] ReadMemory at 0x7ff8c8a00000 of 64 bytes failed: 仅完成部分的 ReadProcessMemory 或 WriteProcessMemory 请求。 (0x12B)
[0112/212544.844:WARNING:pe_image_reader.cc(340)] could not read dos header from C:\WINDOWS\SYSTEM32\WINHTTP.dll
[0112/212544.844:ERROR:process_memory_win.cc(73)] ReadMemory at 0x7ff8c92f0000 of 64 bytes failed: 仅完成部分的 ReadProcessMemory 或 WriteProcessMemory 请求。 (0x12B)
[0112/212544.844:WARNING:pe_image_reader.cc(340)] could not read dos header from C:\WINDOWS\SYSTEM32\dhcpcsvc.DLL
[0112/212544.844:ERROR:process_memory_win.cc(73)] ReadMemory at 0x7ff8d77f0000 of 64 bytes failed: 仅完成部分的 ReadProcessMemory 或 WriteProcessMemory 请求。 (0x12B)
[0112/212544.844:WARNING:pe_image_reader.cc(340)] could not read dos header from C:\WINDOWS\System32\NSI.dll
[0112/212544.844:ERROR:process_memory_win.cc(73)] ReadMemory at 0x7ff8d1480000 of 64 bytes failed: 仅完成部分的 ReadProcessMemory 或 WriteProcessMemory 请求。 (0x12B)
[0112/212544.844:WARNING:pe_image_reader.cc(340)] could not read dos header from C:\WINDOWS\SYSTEM32\WINMMBASE.dll
[0112/212544.844:ERROR:process_memory_win.cc(73)] ReadMemory at 0x7ff8d6400000 of 64 bytes failed: 仅完成部分的 ReadProcessMemory 或 WriteProcessMemory 请求。 (0x12B)
[0112/212544.844:WARNING:pe_image_reader.cc(340)] could not read dos header from C:\WINDOWS\System32\cfgmgr32.dll
[0112/212544.844:ERROR:process_memory_win.cc(73)] ReadMemory at 0x7ff8d3030000 of 64 bytes failed: 仅完成部分的 ReadProcessMemory 或 WriteProcessMemory 请求。 (0x12B)
[0112/212544.844:WARNING:pe_image_reader.cc(340)] could not read dos header from C:\WINDOWS\SYSTEM32\PROPSYS.dll
[0112/212544.844:ERROR:process_memory_win.cc(73)] ReadMemory at 0x7ff8d72a0000 of 64 bytes failed: 仅完成部分的 ReadProcessMemory 或 WriteProcessMemory 请求。 (0x12B)
[0112/212544.844:WARNING:pe_image_reader.cc(340)] could not read dos header from C:\WINDOWS\System32\shcore.dll
[0112/212544.844:ERROR:process_memory_win.cc(73)] ReadMemory at 0x7ff8d5160000 of 64 bytes failed: 仅完成部分的 ReadProcessMemory 或 WriteProcessMemory 请求。 (0x12B)
[0112/212544.844:WARNING:pe_image_reader.cc(340)] could not read dos header from C:\WINDOWS\SYSTEM32\SSPICLI.DLL
[0112/212544.844:ERROR:process_memory_win.cc(73)] ReadMemory at 0x7ff8d4cb0000 of 64 bytes failed: 仅完成部分的 ReadProcessMemory 或 WriteProcessMemory 请求。 (0x12B)
[0112/212544.844:WARNING:pe_image_reader.cc(340)] could not read dos header from C:\WINDOWS\SYSTEM32\CRYPTBASE.DLL
[0112/212544.844:ERROR:process_memory_win.cc(73)] ReadMemory at 0x7ff70ce70000 of 64 bytes failed: 仅完成部分的 ReadProcessMemory 或 WriteProcessMemory 请求。 (0x12B)
[0112/212544.844:WARNING:pe_image_reader.cc(340)] could not read dos header from C:\Program Files (x86)\Google\Chrome\Application\chrome.exe
[0112/212544.844:ERROR:process_memory_win.cc(73)] ReadMemory at 0x7ff8d83a0000 of 64 bytes failed: 仅完成部分的 ReadProcessMemory 或 WriteProcessMemory 请求。 (0x12B)
[0112/212544.844:WARNING:pe_image_reader.cc(340)] could not read dos header from C:\WINDOWS\SYSTEM32\ntdll.dll
[0112/212544.844:ERROR:process_memory_win.cc(73)] ReadMemory at 0x7ff8d75c0000 of 64 bytes failed: 仅完成部分的 ReadProcessMemory 或 WriteProcessMemory 请求。 (0x12B)
[0112/212544.844:WARNING:pe_image_reader.cc(340)] could not read dos header from C:\WINDOWS\System32\KERNEL32.DLL
[0112/212544.844:ERROR:process_memory_win.cc(73)] ReadMemory at 0x7ff8d6150000 of 64 bytes failed: 仅完成部分的 ReadProcessMemory 或 WriteProcessMemory 请求。 (0x12B)
[0112/212544.844:WARNING:pe_image_reader.cc(340)] could not read dos header from C:\WINDOWS\System32\KERNELBASE.dll
[0112/212544.844:ERROR:process_memory_win.cc(73)] ReadMemory at 0x7ff8b1e90000 of 64 bytes failed: 仅完成部分的 ReadProcessMemory 或 WriteProcessMemory 请求。 (0x12B)
[0112/212544.844:WARNING:pe_image_reader.cc(340)] could not read dos header from C:\Program Files (x86)\Google\Chrome\Application\78.0.3904.97\chrome_elf.dll
[0112/212544.844:ERROR:process_memory_win.cc(73)] ReadMemory at 0x7ff8ce7f0000 of 64 bytes failed: 仅完成部分的 ReadProcessMemory 或 WriteProcessMemory 请求。 (0x12B)
[0112/212544.844:WARNING:pe_image_reader.cc(340)] could not read dos header from C:\WINDOWS\SYSTEM32\VERSION.dll
[0112/212544.844:ERROR:process_memory_win.cc(73)] ReadMemory at 0x7ff8d6c50000 of 64 bytes failed: 仅完成部分的 ReadProcessMemory 或 WriteProcessMemory 请求。 (0x12B)
[0112/212544.844:WARNING:pe_image_reader.cc(340)] could not read dos header from C:\WINDOWS\System32\msvcrt.dll
[0112/212544.844:ERROR:process_memory_win.cc(73)] ReadMemory at 0x7ff8d5350000 of 64 bytes failed: 仅完成部分的 ReadProcessMemory 或 WriteProcessMemory 请求。 (0x12B)
[0112/212544.844:WARNING:pe_image_reader.cc(340)] could not read dos header from C:\WINDOWS\System32\bcryptPrimitives.dll
[0112/212544.844:ERROR:process_memory_win.cc(73)] ReadMemory at 0x7ff8d64e0000 of 64 bytes failed: 仅完成部分的 ReadProcessMemory 或 WriteProcessMemory 请求。 (0x12B)
[0112/212544.844:WARNING:pe_image_reader.cc(340)] could not read dos header from C:\WINDOWS\System32\ADVAPI32.dll
[0112/212544.844:ERROR:process_memory_win.cc(73)] ReadMemory at 0x7ff8d66d0000 of 64 bytes failed: 仅完成部分的 ReadProcessMemory 或 WriteProcessMemory 请求。 (0x12B)
[0112/212544.844:WARNING:pe_image_reader.cc(340)] could not read dos header from C:\WINDOWS\System32\sechost.dll
[0112/212544.844:ERROR:process_memory_win.cc(73)] ReadMemory at 0x7ff8d7350000 of 64 bytes failed: 仅完成部分的 ReadProcessMemory 或 WriteProcessMemory 请求。 (0x12B)
[0112/212544.844:WARNING:pe_image_reader.cc(340)] could not read dos header from C:\WINDOWS\System32\RPCRT4.dll
[0112/212544.844:ERROR:process_memory_win.cc(73)] ReadMemory at 0x7ff87dfc0000 of 64 bytes failed: 仅完成部分的 ReadProcessMemory 或 WriteProcessMemory 请求。 (0x12B)
[0112/212544.844:WARNING:pe_image_reader.cc(340)] could not read dos header from C:\Program Files (x86)\Google\Chrome\Application\78.0.3904.97\chrome_child.dll
[0112/212544.845:ERROR:process_memory_win.cc(73)] ReadMemory at 0x7ff8d74f0000 of 64 bytes failed: 仅完成部分的 ReadProcessMemory 或 WriteProcessMemory 请求。 (0x12B)
[0112/212544.845:WARNING:pe_image_reader.cc(340)] could not read dos header from C:\WINDOWS\System32\OLEAUT32.dll
[0112/212544.845:ERROR:process_memory_win.cc(73)] ReadMemory at 0x7ff8d60b0000 of 64 bytes failed: 仅完成部分的 ReadProcessMemory 或 WriteProcessMemory 请求。 (0x12B)
[0112/212544.845:WARNING:pe_image_reader.cc(340)] could not read dos header from C:\WINDOWS\System32\msvcp_win.dll
[0112/212544.845:ERROR:process_memory_win.cc(73)] ReadMemory at 0x7ff8d5d30000 of 64 bytes failed: 仅完成部分的 ReadProcessMemory 或 WriteProcessMemory 请求。 (0x12B)
[0112/212544.845:WARNING:pe_image_reader.cc(340)] could not read dos header from C:\WINDOWS\System32\ucrtbase.dll
[0112/212544.845:ERROR:process_memory_win.cc(73)] ReadMemory at 0x7ff8d67e0000 of 64 bytes failed: 仅完成部分的 ReadProcessMemory 或 WriteProcessMemory 请求。 (0x12B)
[0112/212544.845:WARNING:pe_image_reader.cc(340)] could not read dos header from C:\WINDOWS\System32\combase.dll
[0112/212544.845:ERROR:process_memory_win.cc(73)] ReadMemory at 0x7ff8d6b80000 of 64 bytes failed: 仅完成部分的 ReadProcessMemory 或 WriteProcessMemory 请求。 (0x12B)
[0112/212544.845:WARNING:pe_image_reader.cc(340)] could not read dos header from C:\WINDOWS\System32\WS2_32.dll
[0112/212544.845:ERROR:process_memory_win.cc(73)] ReadMemory at 0x7ff8d53d0000 of 64 bytes failed: 仅完成部分的 ReadProcessMemory 或 WriteProcessMemory 请求。 (0x12B)
[0112/212544.845:WARNING:pe_image_reader.cc(340)] could not read dos header from C:\WINDOWS\System32\WINTRUST.dll
[0112/212544.845:ERROR:process_memory_win.cc(73)] ReadMemory at 0x7ff8d5310000 of 64 bytes failed: 仅完成部分的 ReadProcessMemory 或 WriteProcessMemory 请求。 (0x12B)
[0112/212544.845:WARNING:pe_image_reader.cc(340)] could not read dos header from C:\WINDOWS\System32\MSASN1.dll
[0112/212544.845:ERROR:process_memory_win.cc(73)] ReadMemory at 0x7ff8d5bb0000 of 64 bytes failed: 仅完成部分的 ReadProcessMemory 或 WriteProcessMemory 请求。 (0x12B)
[0112/212544.845:WARNING:pe_image_reader.cc(340)] could not read dos header from C:\WINDOWS\System32\CRYPT32.dll
[0112/212544.845:ERROR:process_memory_win.cc(73)] ReadMemory at 0x7ff8d47f0000 of 64 bytes failed: 仅完成部分的 ReadProcessMemory 或 WriteProcessMemory 请求。 (0x12B)
[0112/212544.845:WARNING:pe_image_reader.cc(340)] could not read dos header from C:\WINDOWS\SYSTEM32\IPHLPAPI.DLL
[0112/212544.845:ERROR:process_memory_win.cc(73)] ReadMemory at 0x7ff8d14b0000 of 64 bytes failed: 仅完成部分的 ReadProcessMemory 或 WriteProcessMemory 请求。 (0x12B)
[0112/212544.845:WARNING:pe_image_reader.cc(340)] could not read dos header from C:\WINDOWS\SYSTEM32\WINMM.dll
[0112/212544.845:ERROR:process_memory_win.cc(73)] ReadMemory at 0x7ff8d5190000 of 64 bytes failed: 仅完成部分的 ReadProcessMemory 或 WriteProcessMemory 请求。 (0x12B)
[0112/212544.845:WARNING:pe_image_reader.cc(340)] could not read dos header from C:\WINDOWS\SYSTEM32\USERENV.dll
[0112/212544.845:ERROR:process_memory_win.cc(73)] ReadMemory at 0x7ff8d5280000 of 64 bytes failed: 仅完成部分的 ReadProcessMemory 或 WriteProcessMemory 请求。 (0x12B)
[0112/212544.845:WARNING:pe_image_reader.cc(340)] could not read dos header from C:\WINDOWS\System32\profapi.dll
[0112/212544.845:ERROR:process_memory_win.cc(73)] ReadMemory at 0x7ff8ba5c0000 of 64 bytes failed: 仅完成部分的 ReadProcessMemory 或 WriteProcessMemory 请求。 (0x12B)
[0112/212544.845:WARNING:pe_image_reader.cc(340)] could not read dos header from C:\WINDOWS\SYSTEM32\DWrite.dll
[0112/212544.845:ERROR:process_memory_win.cc(73)] ReadMemory at 0x7ff8bd0b0000 of 64 bytes failed: 仅完成部分的 ReadProcessMemory 或 WriteProcessMemory 请求。 (0x12B)
[0112/212544.845:WARNING:pe_image_reader.cc(340)] could not read dos header from C:\WINDOWS\SYSTEM32\WINSPOOL.DRV
[0112/212544.845:ERROR:process_memory_win.cc(73)] ReadMemory at 0x7ff8d52a0000 of 64 bytes failed: 仅完成部分的 ReadProcessMemory 或 WriteProcessMemory 请求。 (0x12B)
[0112/212544.845:WARNING:pe_image_reader.cc(340)] could not read dos header from C:\WINDOWS\System32\kernel.appcore.dll
[0112/212544.845:ERROR:process_memory_win.cc(73)] ReadMemory at 0x7ff8d5d00000 of 64 bytes failed: 仅完成部分的 ReadProcessMemory 或 WriteProcessMemory 请求。 (0x12B)
[0112/212544.845:WARNING:pe_image_reader.cc(340)] could not read dos header from C:\WINDOWS\System32\bcrypt.dll
[0112/212544.845:ERROR:process_memory_win.cc(73)] ReadMemory at 0x7ff8d3b90000 of 64 bytes failed: 仅完成部分的 ReadProcessMemory 或 WriteProcessMemory 请求。 (0x12B)
[0112/212544.845:WARNING:pe_image_reader.cc(340)] could not read dos header from C:\WINDOWS\SYSTEM32\dbghelp.dll
[0112/212544.845:ERROR:process_memory_win.cc(73)] ReadMemory at 0x7ff8c2080000 of 64 bytes failed: 仅完成部分的 ReadProcessMemory 或 WriteProcessMemory 请求。 (0x12B)
[0112/212544.845:WARNING:pe_image_reader.cc(340)] could not read dos header from C:\WINDOWS\SYSTEM32\Secur32.dll
[0112/212544.845:ERROR:process_memory_win.cc(73)] ReadMemory at 0x7ff8c8a00000 of 64 bytes failed: 仅完成部分的 ReadProcessMemory 或 WriteProcessMemory 请求。 (0x12B)
[0112/212544.845:WARNING:pe_image_reader.cc(340)] could not read dos header from C:\WINDOWS\SYSTEM32\WINHTTP.dll
[0112/212544.845:ERROR:process_memory_win.cc(73)] ReadMemory at 0x7ff8c92f0000 of 64 bytes failed: 仅完成部分的 ReadProcessMemory 或 WriteProcessMemory 请求。 (0x12B)
[0112/212544.845:WARNING:pe_image_reader.cc(340)] could not read dos header from C:\WINDOWS\SYSTEM32\dhcpcsvc.DLL
[0112/212544.845:ERROR:process_memory_win.cc(73)] ReadMemory at 0x7ff8d77f0000 of 64 bytes failed: 仅完成部分的 ReadProcessMemory 或 WriteProcessMemory 请求。 (0x12B)
[0112/212544.846:WARNING:pe_image_reader.cc(340)] could not read dos header from C:\WINDOWS\System32\NSI.dll
[0112/212544.846:ERROR:process_memory_win.cc(73)] ReadMemory at 0x7ff8d1480000 of 64 bytes failed: 仅完成部分的 ReadProcessMemory 或 WriteProcessMemory 请求。 (0x12B)
[0112/212544.846:WARNING:pe_image_reader.cc(340)] could not read dos header from C:\WINDOWS\SYSTEM32\WINMMBASE.dll
[0112/212544.846:ERROR:process_memory_win.cc(73)] ReadMemory at 0x7ff8d6400000 of 64 bytes failed: 仅完成部分的 ReadProcessMemory 或 WriteProcessMemory 请求。 (0x12B)
[0112/212544.846:WARNING:pe_image_reader.cc(340)] could not read dos header from C:\WINDOWS\System32\cfgmgr32.dll
[0112/212544.846:ERROR:process_memory_win.cc(73)] ReadMemory at 0x7ff8d3030000 of 64 bytes failed: 仅完成部分的 ReadProcessMemory 或 WriteProcessMemory 请求。 (0x12B)
[0112/212544.846:WARNING:pe_image_reader.cc(340)] could not read dos header from C:\WINDOWS\SYSTEM32\PROPSYS.dll
[0112/212544.846:ERROR:process_memory_win.cc(73)] ReadMemory at 0x7ff8d72a0000 of 64 bytes failed: 仅完成部分的 ReadProcessMemory 或 WriteProcessMemory 请求。 (0x12B)
[0112/212544.846:WARNING:pe_image_reader.cc(340)] could not read dos header from C:\WINDOWS\System32\shcore.dll
[0112/212544.846:ERROR:process_memory_win.cc(73)] ReadMemory at 0x7ff8d5160000 of 64 bytes failed: 仅完成部分的 ReadProcessMemory 或 WriteProcessMemory 请求。 (0x12B)
[0112/212544.846:WARNING:pe_image_reader.cc(340)] could not read dos header from C:\WINDOWS\SYSTEM32\SSPICLI.DLL
[0112/212544.846:ERROR:process_memory_win.cc(73)] ReadMemory at 0x7ff8d4cb0000 of 64 bytes failed: 仅完成部分的 ReadProcessMemory 或 WriteProcessMemory 请求。 (0x12B)
[0112/212544.846:WARNING:pe_image_reader.cc(340)] could not read dos header from C:\WINDOWS\SYSTEM32\CRYPTBASE.DLL
[0112/212544.877:ERROR:process_memory_win.cc(73)] ReadMemory at 0x7e0fbf9000 of 28672 bytes failed: 仅完成部分的 ReadProcessMemory 或 WriteProcessMemory 请求。 (0x12B)
[0112/212544.877:ERROR:process_memory_win.cc(73)] ReadMemory at 0x7e103fd000 of 12288 bytes failed: 仅完成部分的 ReadProcessMemory 或 WriteProcessMemory 请求。 (0x12B)
[0112/212544.878:ERROR:process_memory_win.cc(73)] ReadMemory at 0x7e113fd000 of 12288 bytes failed: 仅完成部分的 ReadProcessMemory 或 WriteProcessMemory 请求。 (0x12B)
[0112/212544.878:ERROR:process_memory_win.cc(73)] ReadMemory at 0x7e11bfc000 of 16384 bytes failed: 仅完成部分的 ReadProcessMemory 或 WriteProcessMemory 请求。 (0x12B)
[0112/212544.878:ERROR:process_memory_win.cc(73)] ReadMemory at 0x7e123fe000 of 8192 bytes failed: 仅完成部分的 ReadProcessMemory 或 WriteProcessMemory 请求。 (0x12B)
[0112/212544.878:ERROR:process_memory_win.cc(73)] ReadMemory at 0x7e12bfd000 of 12288 bytes failed: 仅完成部分的 ReadProcessMemory 或 WriteProcessMemory 请求。 (0x12B)
[0112/212544.878:ERROR:process_memory_win.cc(73)] ReadMemory at 0x7e133fc000 of 16384 bytes failed: 仅完成部分的 ReadProcessMemory 或 WriteProcessMemory 请求。 (0x12B)
[0112/212544.878:ERROR:process_memory_win.cc(73)] ReadMemory at 0x7e143fd000 of 12288 bytes failed: 仅完成部分的 ReadProcessMemory 或 WriteProcessMemory 请求。 (0x12B)
[0112/212544.878:ERROR:process_memory_win.cc(73)] ReadMemory at 0x7e14bfd000 of 12288 bytes failed: 仅完成部分的 ReadProcessMemory 或 WriteProcessMemory 请求。 (0x12B)
[0112/212544.878:ERROR:process_memory_win.cc(73)] ReadMemory at 0x7e153fd000 of 12288 bytes failed: 仅完成部分的 ReadProcessMemory 或 WriteProcessMemory 请求。 (0x12B)
[0112/212544.878:ERROR:process_memory_win.cc(73)] ReadMemory at 0x7e15bfd000 of 12288 bytes failed: 仅完成部分的 ReadProcessMemory 或 WriteProcessMemory 请求。 (0x12B)
[0112/212544.878:ERROR:process_memory_win.cc(73)] ReadMemory at 0x7e163fd000 of 12288 bytes failed: 仅完成部分的 ReadProcessMemory 或 WriteProcessMemory 请求。 (0x12B)
[0112/212544.879:ERROR:process_memory_win.cc(73)] ReadMemory at 0x7e10bfe000 of 8192 bytes failed: 仅完成部分的 ReadProcessMemory 或 WriteProcessMemory 请求。 (0x12B)
[0112/212544.879:ERROR:process_memory_win.cc(73)] ReadMemory at 0x7e193fd000 of 12288 bytes failed: 仅完成部分的 ReadProcessMemory 或 WriteProcessMemory 请求。 (0x12B)
[0112/212544.879:ERROR:process_memory_win.cc(73)] ReadMemory at 0x7e0f2cd000 of 852 bytes failed: 仅完成部分的 ReadProcessMemory 或 WriteProcessMemory 请求。 (0x12B)
[0112/212544.879:ERROR:process_memory_win.cc(73)] ReadMemory at 0x7e0f2ce000 of 6024 bytes failed: 仅完成部分的 ReadProcessMemory 或 WriteProcessMemory 请求。 (0x12B)
[0112/212544.879:ERROR:process_memory_win.cc(73)] ReadMemory at 0x7e0f2d0000 of 6024 bytes failed: 仅完成部分的 ReadProcessMemory 或 WriteProcessMemory 请求。 (0x12B)
[0112/212544.879:ERROR:process_memory_win.cc(73)] ReadMemory at 0x7e0f2d4000 of 6024 bytes failed: 仅完成部分的 ReadProcessMemory 或 WriteProcessMemory 请求。 (0x12B)
[0112/212544.879:ERROR:process_memory_win.cc(73)] ReadMemory at 0x7e0f2d6000 of 6024 bytes failed: 仅完成部分的 ReadProcessMemory 或 WriteProcessMemory 请求。 (0x12B)
[0112/212544.879:ERROR:process_memory_win.cc(73)] ReadMemory at 0x7e0f2d8000 of 6024 bytes failed: 仅完成部分的 ReadProcessMemory 或 WriteProcessMemory 请求。 (0x12B)
[0112/212544.879:ERROR:process_memory_win.cc(73)] ReadMemory at 0x7e0f2da000 of 6024 bytes failed: 仅完成部分的 ReadProcessMemory 或 WriteProcessMemory 请求。 (0x12B)
[0112/212544.879:ERROR:process_memory_win.cc(73)] ReadMemory at 0x7e0f2dc000 of 6024 bytes failed: 仅完成部分的 ReadProcessMemory 或 WriteProcessMemory 请求。 (0x12B)
[0112/212544.879:ERROR:process_memory_win.cc(73)] ReadMemory at 0x7e0f2e0000 of 6024 bytes failed: 仅完成部分的 ReadProcessMemory 或 WriteProcessMemory 请求。 (0x12B)
[0112/212544.880:ERROR:process_memory_win.cc(73)] ReadMemory at 0x7e0f2e2000 of 6024 bytes failed: 仅完成部分的 ReadProcessMemory 或 WriteProcessMemory 请求。 (0x12B)
[0112/212544.880:ERROR:process_memory_win.cc(73)] ReadMemory at 0x7e0f2e4000 of 6024 bytes failed: 仅完成部分的 ReadProcessMemory 或 WriteProcessMemory 请求。 (0x12B)
[0112/212544.880:ERROR:process_memory_win.cc(73)] ReadMemory at 0x7e0f2e6000 of 6024 bytes failed: 仅完成部分的 ReadProcessMemory 或 WriteProcessMemory 请求。 (0x12B)
[0112/212544.880:ERROR:process_memory_win.cc(73)] ReadMemory at 0x7e0f2e8000 of 6024 bytes failed: 仅完成部分的 ReadProcessMemory 或 WriteProcessMemory 请求。 (0x12B)
[0112/212544.880:ERROR:process_memory_win.cc(73)] ReadMemory at 0x7e0f2f6000 of 6024 bytes failed: 仅完成部分的 ReadProcessMemory 或 WriteProcessMemory 请求。 (0x12B)
[0112/212544.880:ERROR:process_memory_win.cc(73)] ReadMemory at 0x7e0f302000 of 6024 bytes failed: 仅完成部分的 ReadProcessMemory 或 WriteProcessMemory 请求。 (0x12B)
[0112/212544.880:ERROR:process_memory_win.cc(73)] ReadMemory at 0x1ce05ad0ad0 of 512 bytes failed: 仅完成部分的 ReadProcessMemory 或 WriteProcessMemory 请求。 (0x12B)
[0112/212544.880:ERROR:process_memory_win.cc(73)] ReadMemory at 0x1ce05ad0fe0 of 17706 bytes failed: 仅完成部分的 ReadProcessMemory 或 WriteProcessMemory 请求。 (0x12B)
[0112/212544.880:ERROR:process_memory_win.cc(73)] ReadMemory at 0x1ce05ad5520 of 1012 bytes failed: 仅完成部分的 ReadProcessMemory 或 WriteProcessMemory 请求。 (0x12B)
[0112/212544.880:ERROR:process_memory_win.cc(73)] ReadMemory at 0x1ce05ad5b68 of 118 bytes failed: 仅完成部分的 ReadProcessMemory 或 WriteProcessMemory 请求。 (0x12B)
[0112/212544.880:ERROR:process_memory_win.cc(73)] ReadMemory at 0x1ce05ad5be0 of 868 bytes failed: 仅完成部分的 ReadProcessMemory 或 WriteProcessMemory 请求。 (0x12B)
[0112/212544.880:ERROR:process_memory_win.cc(73)] ReadMemory at 0x1ce05ad5f46 of 118 bytes failed: 仅完成部分的 ReadProcessMemory 或 WriteProcessMemory 请求。 (0x12B)
[0112/212544.881:ERROR:process_memory_win.cc(73)] ReadMemory at 0x1ce05ad5fbe of 100 bytes failed: 仅完成部分的 ReadProcessMemory 或 WriteProcessMemory 请求。 (0x12B)
[0112/212544.881:ERROR:process_memory_win.cc(73)] ReadMemory at 0x1ce05ad6030 of 58 bytes failed: 仅完成部分的 ReadProcessMemory 或 WriteProcessMemory 请求。 (0x12B)
[0112/212544.881:ERROR:process_memory_win.cc(73)] ReadMemory at 0x1ce05ad6130 of 132 bytes failed: 仅完成部分的 ReadProcessMemory 或 WriteProcessMemory 请求。 (0x12B)
[0112/212544.881:ERROR:process_memory_win.cc(73)] ReadMemory at 0x1ce05ad62c0 of 132 bytes failed: 仅完成部分的 ReadProcessMemory 或 WriteProcessMemory 请求。 (0x12B)
[0112/212544.881:ERROR:process_memory_win.cc(73)] ReadMemory at 0x1ce05ad6480 of 124 bytes failed: 仅完成部分的 ReadProcessMemory 或 WriteProcessMemory 请求。 (0x12B)
[0112/212544.881:ERROR:process_memory_win.cc(73)] ReadMemory at 0x1ce05ad6860 of 132 bytes failed: 仅完成部分的 ReadProcessMemory 或 WriteProcessMemory 请求。 (0x12B)
[0112/212544.881:ERROR:process_memory_win.cc(73)] ReadMemory at 0x1ce05ad69f0 of 64 bytes failed: 仅完成部分的 ReadProcessMemory 或 WriteProcessMemory 请求。 (0x12B)
[0112/212544.881:ERROR:process_memory_win.cc(73)] ReadMemory at 0x1ce05ad6a40 of 132 bytes failed: 仅完成部分的 ReadProcessMemory 或 WriteProcessMemory 请求。 (0x12B)
[0112/212544.881:ERROR:process_memory_win.cc(73)] ReadMemory at 0x1ce05ad6bb0 of 132 bytes failed: 仅完成部分的 ReadProcessMemory 或 WriteProcessMemory 请求。 (0x12B)
[0112/212544.881:ERROR:process_memory_win.cc(73)] ReadMemory at 0x1ce05ad6e50 of 132 bytes failed: 仅完成部分的 ReadProcessMemory 或 WriteProcessMemory 请求。 (0x12B)
[0112/212544.881:ERROR:process_memory_win.cc(73)] ReadMemory at 0x1ce05ad6fe0 of 68 bytes failed: 仅完成部分的 ReadProcessMemory 或 WriteProcessMemory 请求。 (0x12B)
[0112/212544.881:ERROR:process_memory_win.cc(73)] ReadMemory at 0x1ce05ad7fd0 of 156 bytes failed: 仅完成部分的 ReadProcessMemory 或 WriteProcessMemory 请求。 (0x12B)
[0112/212544.881:ERROR:process_memory_win.cc(73)] ReadMemory at 0x1ce05ad80b0 of 132 bytes failed: 仅完成部分的 ReadProcessMemory 或 WriteProcessMemory 请求。 (0x12B)
[0112/212544.881:ERROR:process_memory_win.cc(73)] ReadMemory at 0x1ce05ad8240 of 152 bytes failed: 仅完成部分的 ReadProcessMemory 或 WriteProcessMemory 请求。 (0x12B)
[0112/212544.882:ERROR:process_memory_win.cc(73)] ReadMemory at 0x1ce05ad9720 of 132 bytes failed: 仅完成部分的 ReadProcessMemory 或 WriteProcessMemory 请求。 (0x12B)
[0112/212544.882:ERROR:process_memory_win.cc(73)] ReadMemory at 0x1ce05adab90 of 62 bytes failed: 仅完成部分的 ReadProcessMemory 或 WriteProcessMemory 请求。 (0x12B)
[0112/212544.882:ERROR:process_memory_win.cc(73)] ReadMemory at 0x1ce05adacf0 of 132 bytes failed: 仅完成部分的 ReadProcessMemory 或 WriteProcessMemory 请求。 (0x12B)
[0112/212544.882:ERROR:process_memory_win.cc(73)] ReadMemory at 0x1ce05adae80 of 60 bytes failed: 仅完成部分的 ReadProcessMemory 或 WriteProcessMemory 请求。 (0x12B)
[0112/212544.882:ERROR:process_memory_win.cc(73)] ReadMemory at 0x1ce05add720 of 512 bytes failed: 仅完成部分的 ReadProcessMemory 或 WriteProcessMemory 请求。 (0x12B)
[0112/212544.882:ERROR:process_memory_win.cc(73)] ReadMemory at 0x1ce05ade0f0 of 132 bytes failed: 仅完成部分的 ReadProcessMemory 或 WriteProcessMemory 请求。 (0x12B)
[0112/212544.882:ERROR:process_memory_win.cc(73)] ReadMemory at 0x1ce05ade280 of 80 bytes failed: 仅完成部分的 ReadProcessMemory 或 WriteProcessMemory 请求。 (0x12B)
[0112/212544.882:ERROR:process_memory_win.cc(73)] ReadMemory at 0x1ce05ade3f0 of 64 bytes failed: 仅完成部分的 ReadProcessMemory 或 WriteProcessMemory 请求。 (0x12B)
[0112/212544.882:ERROR:process_memory_win.cc(73)] ReadMemory at 0x1ce05ade490 of 64 bytes failed: 仅完成部分的 ReadProcessMemory 或 WriteProcessMemory 请求。 (0x12B)
[0112/212544.882:ERROR:process_memory_win.cc(73)] ReadMemory at 0x1ce05ade4e0 of 62 bytes failed: 仅完成部分的 ReadProcessMemory 或 WriteProcessMemory 请求。 (0x12B)
[0112/212544.882:ERROR:process_memory_win.cc(73)] ReadMemory at 0x1ce05ade530 of 64 bytes failed: 仅完成部分的 ReadProcessMemory 或 WriteProcessMemory 请求。 (0x12B)
[0112/212544.882:ERROR:process_memory_win.cc(73)] ReadMemory at 0x1ce05ade7b0 of 60 bytes failed: 仅完成部分的 ReadProcessMemory 或 WriteProcessMemory 请求。 (0x12B)
[0112/212544.882:ERROR:process_memory_win.cc(73)] ReadMemory at 0x1ce05ade8f0 of 62 bytes failed: 仅完成部分的 ReadProcessMemory 或 WriteProcessMemory 请求。 (0x12B)
[0112/212544.882:ERROR:process_memory_win.cc(73)] ReadMemory at 0x1ce05ade940 of 60 bytes failed: 仅完成部分的 ReadProcessMemory 或 WriteProcessMemory 请求。 (0x12B)
[0112/212544.883:ERROR:process_memory_win.cc(73)] ReadMemory at 0x1ce05ade9e0 of 64 bytes failed: 仅完成部分的 ReadProcessMemory 或 WriteProcessMemory 请求。 (0x12B)
[0112/212544.883:ERROR:process_memory_win.cc(73)] ReadMemory at 0x1ce05adead0 of 66 bytes failed: 仅完成部分的 ReadProcessMemory 或 WriteProcessMemory 请求。 (0x12B)
[0112/212544.883:ERROR:process_memory_win.cc(73)] ReadMemory at 0x1ce05adec00 of 132 bytes failed: 仅完成部分的 ReadProcessMemory 或 WriteProcessMemory 请求。 (0x12B)
[0112/212544.883:ERROR:process_memory_win.cc(73)] ReadMemory at 0x1ce05aded30 of 132 bytes failed: 仅完成部分的 ReadProcessMemory 或 WriteProcessMemory 请求。 (0x12B)
[0112/212544.883:ERROR:process_memory_win.cc(73)] ReadMemory at 0x1ce05adee60 of 132 bytes failed: 仅完成部分的 ReadProcessMemory 或 WriteProcessMemory 请求。 (0x12B)
[0112/212544.883:ERROR:process_memory_win.cc(73)] ReadMemory at 0x1ce05adef90 of 132 bytes failed: 仅完成部分的 ReadProcessMemory 或 WriteProcessMemory 请求。 (0x12B)
[0112/212544.883:ERROR:process_memory_win.cc(73)] ReadMemory at 0x1ce05adf0c0 of 132 bytes failed: 仅完成部分的 ReadProcessMemory 或 WriteProcessMemory 请求。 (0x12B)
[0112/212544.883:ERROR:process_memory_win.cc(73)] ReadMemory at 0x1ce05adf1f0 of 132 bytes failed: 仅完成部分的 ReadProcessMemory 或 WriteProcessMemory 请求。 (0x12B)
[0112/212544.883:ERROR:process_memory_win.cc(73)] ReadMemory at 0x1ce05adf320 of 132 bytes failed: 仅完成部分的 ReadProcessMemory 或 WriteProcessMemory 请求。 (0x12B)
[0112/212544.883:ERROR:process_memory_win.cc(73)] ReadMemory at 0x1ce05adf450 of 132 bytes failed: 仅完成部分的 ReadProcessMemory 或 WriteProcessMemory 请求。 (0x12B)
[0112/212544.883:ERROR:process_memory_win.cc(73)] ReadMemory at 0x1ce05adf6b0 of 132 bytes failed: 仅完成部分的 ReadProcessMemory 或 WriteProcessMemory 请求。 (0x12B)
[0112/212544.883:ERROR:process_memory_win.cc(73)] ReadMemory at 0x1ce05adf7e0 of 132 bytes failed: 仅完成部分的 ReadProcessMemory 或 WriteProcessMemory 请求。 (0x12B)
[0112/212544.883:ERROR:process_memory_win.cc(73)] ReadMemory at 0x1ce05adf910 of 132 bytes failed: 仅完成部分的 ReadProcessMemory 或 WriteProcessMemory 请求。 (0x12B)
[0112/212544.883:ERROR:process_memory_win.cc(73)] ReadMemory at 0x1ce05adfa40 of 132 bytes failed: 仅完成部分的 ReadProcessMemory 或 WriteProcessMemory 请求。 (0x12B)
[0112/212544.884:ERROR:process_memory_win.cc(73)] ReadMemory at 0x1ce05ae0530 of 512 bytes failed: 仅完成部分的 ReadProcessMemory 或 WriteProcessMemory 请求。 (0x12B)
[0112/212544.884:ERROR:process_memory_win.cc(73)] ReadMemory at 0x1ce05ae2230 of 54 bytes failed: 仅完成部分的 ReadProcessMemory 或 WriteProcessMemory 请求。 (0x12B)
[0112/212544.884:ERROR:process_memory_win.cc(73)] ReadMemory at 0x1ce05ae31f0 of 132 bytes failed: 仅完成部分的 ReadProcessMemory 或 WriteProcessMemory 请求。 (0x12B)
[0112/212544.884:ERROR:process_memory_win.cc(73)] ReadMemory at 0x1ce05ae3400 of 132 bytes failed: 仅完成部分的 ReadProcessMemory 或 WriteProcessMemory 请求。 (0x12B)
[0112/212544.884:ERROR:process_memory_win.cc(73)] ReadMemory at 0x1ce05ae36e0 of 132 bytes failed: 仅完成部分的 ReadProcessMemory 或 WriteProcessMemory 请求。 (0x12B)
[0112/212544.884:ERROR:process_memory_win.cc(73)] ReadMemory at 0x1ce05ae4170 of 132 bytes failed: 仅完成部分的 ReadProcessMemory 或 WriteProcessMemory 请求。 (0x12B)
[0112/212544.884:ERROR:process_memory_win.cc(73)] ReadMemory at 0x1ce05ae42a0 of 132 bytes failed: 仅完成部分的 ReadProcessMemory 或 WriteProcessMemory 请求。 (0x12B)
[0112/212544.884:ERROR:process_memory_win.cc(73)] ReadMemory at 0x1ce05ae6500 of 76 bytes failed: 仅完成部分的 ReadProcessMemory 或 WriteProcessMemory 请求。 (0x12B)
[0112/212544.884:ERROR:process_memory_win.cc(73)] ReadMemory at 0x1ce05ae6a70 of 60 bytes failed: 仅完成部分的 ReadProcessMemory 或 WriteProcessMemory 请求。 (0x12B)
[0112/212544.884:ERROR:process_memory_win.cc(73)] ReadMemory at 0x1ce05ae6b60 of 62 bytes failed: 仅完成部分的 ReadProcessMemory 或 WriteProcessMemory 请求。 (0x12B)
[0112/212544.884:ERROR:process_memory_win.cc(73)] ReadMemory at 0x1ce05ae6c50 of 60 bytes failed: 仅完成部分的 ReadProcessMemory 或 WriteProcessMemory 请求。 (0x12B)
[0112/212544.884:ERROR:process_memory_win.cc(73)] ReadMemory at 0x1ce05ae6cf0 of 62 bytes failed: 仅完成部分的 ReadProcessMemory 或 WriteProcessMemory 请求。 (0x12B)
[0112/212544.885:ERROR:process_memory_win.cc(73)] ReadMemory at 0x1ce05ae6e30 of 58 bytes failed: 仅完成部分的 ReadProcessMemory 或 WriteProcessMemory 请求。 (0x12B)
[0112/212544.885:ERROR:process_memory_win.cc(73)] ReadMemory at 0x1ce05ae6e80 of 64 bytes failed: 仅完成部分的 ReadProcessMemory 或 WriteProcessMemory 请求。 (0x12B)
[0112/212544.885:ERROR:process_memory_win.cc(73)] ReadMemory at 0x1ce05ae7100 of 64 bytes failed: 仅完成部分的 ReadProcessMemory 或 WriteProcessMemory 请求。 (0x12B)
[0112/212544.885:ERROR:process_memory_win.cc(73)] ReadMemory at 0x1ce05ae71a0 of 64 bytes failed: 仅完成部分的 ReadProcessMemory 或 WriteProcessMemory 请求。 (0x12B)
[0112/212544.885:ERROR:process_memory_win.cc(73)] ReadMemory at 0x1ce05ae71f0 of 64 bytes failed: 仅完成部分的 ReadProcessMemory 或 WriteProcessMemory 请求。 (0x12B)
[0112/212544.885:ERROR:process_memory_win.cc(73)] ReadMemory at 0x1ce05ae7240 of 66 bytes failed: 仅完成部分的 ReadProcessMemory 或 WriteProcessMemory 请求。 (0x12B)
[0112/212544.885:ERROR:process_memory_win.cc(73)] ReadMemory at 0x1ce05ae7290 of 62 bytes failed: 仅完成部分的 ReadProcessMemory 或 WriteProcessMemory 请求。 (0x12B)
[0112/212544.885:ERROR:process_memory_win.cc(73)] ReadMemory at 0x1ce05ae73d0 of 62 bytes failed: 仅完成部分的 ReadProcessMemory 或 WriteProcessMemory 请求。 (0x12B)
[0112/212544.885:ERROR:process_memory_win.cc(73)] ReadMemory at 0x1ce05ae7510 of 62 bytes failed: 仅完成部分的 ReadProcessMemory 或 WriteProcessMemory 请求。 (0x12B)
[0112/212544.885:ERROR:process_memory_win.cc(73)] ReadMemory at 0x1ce05ae75b0 of 62 bytes failed: 仅完成部分的 ReadProcessMemory 或 WriteProcessMemory 请求。 (0x12B)
[0112/212544.885:ERROR:process_memory_win.cc(73)] ReadMemory at 0x1ce05ae7600 of 62 bytes failed: 仅完成部分的 ReadProcessMemory 或 WriteProcessMemory 请求。 (0x12B)
[0112/212544.885:ERROR:process_memory_win.cc(73)] ReadMemory at 0x1ce05ae76a0 of 60 bytes failed: 仅完成部分的 ReadProcessMemory 或 WriteProcessMemory 请求。 (0x12B)
[0112/212544.885:ERROR:process_memory_win.cc(73)] ReadMemory at 0x1ce05ae76f0 of 62 bytes failed: 仅完成部分的 ReadProcessMemory 或 WriteProcessMemory 请求。 (0x12B)
[0112/212544.885:ERROR:process_memory_win.cc(73)] ReadMemory at 0x1ce05ae77e0 of 60 bytes failed: 仅完成部分的 ReadProcessMemory 或 WriteProcessMemory 请求。 (0x12B)
[0112/212544.885:ERROR:process_memory_win.cc(73)] ReadMemory at 0x1ce05aeb9e0 of 132 bytes failed: 仅完成部分的 ReadProcessMemory 或 WriteProcessMemory 请求。 (0x12B)
[0112/212544.885:ERROR:process_memory_win.cc(73)] ReadMemory at 0x1ce05aebd30 of 132 bytes failed: 仅完成部分的 ReadProcessMemory 或 WriteProcessMemory 请求。 (0x12B)
[0112/212544.886:ERROR:process_memory_win.cc(73)] ReadMemory at 0x1ce05aed150 of 132 bytes failed: 仅完成部分的 ReadProcessMemory 或 WriteProcessMemory 请求。 (0x12B)
[0112/212544.886:ERROR:process_memory_win.cc(73)] ReadMemory at 0x1ce05aed280 of 132 bytes failed: 仅完成部分的 ReadProcessMemory 或 WriteProcessMemory 请求。 (0x12B)
[0112/212544.886:ERROR:process_memory_win.cc(73)] ReadMemory at 0x1ce05aed3b0 of 132 bytes failed: 仅完成部分的 ReadProcessMemory 或 WriteProcessMemory 请求。 (0x12B)
[0112/212544.886:ERROR:process_memory_win.cc(73)] ReadMemory at 0x1ce05aed4e0 of 132 bytes failed: 仅完成部分的 ReadProcessMemory 或 WriteProcessMemory 请求。 (0x12B)
[0112/212544.886:ERROR:process_memory_win.cc(73)] ReadMemory at 0x1ce05aedc00 of 132 bytes failed: 仅完成部分的 ReadProcessMemory 或 WriteProcessMemory 请求。 (0x12B)
[0112/212544.886:ERROR:process_memory_win.cc(73)] ReadMemory at 0x1ce05aee0c0 of 132 bytes failed: 仅完成部分的 ReadProcessMemory 或 WriteProcessMemory 请求。 (0x12B)
[0112/212544.886:ERROR:process_memory_win.cc(73)] ReadMemory at 0x1ce05aee6b0 of 132 bytes failed: 仅完成部分的 ReadProcessMemory 或 WriteProcessMemory 请求。 (0x12B)
[0112/212544.886:ERROR:process_memory_win.cc(73)] ReadMemory at 0x1ce05aee910 of 132 bytes failed: 仅完成部分的 ReadProcessMemory 或 WriteProcessMemory 请求。 (0x12B)
[0112/212544.886:ERROR:process_memory_win.cc(73)] ReadMemory at 0x1ce05aeeb70 of 132 bytes failed: 仅完成部分的 ReadProcessMemory 或 WriteProcessMemory 请求。 (0x12B)
[0112/212544.886:ERROR:process_memory_win.cc(73)] ReadMemory at 0x1ce05b0b9f0 of 512 bytes failed: 仅完成部分的 ReadProcessMemory 或 WriteProcessMemory 请求。 (0x12B)
[0112/212544.886:ERROR:process_memory_win.cc(73)] ReadMemory at 0x1ce05b0bd70 of 512 bytes failed: 仅完成部分的 ReadProcessMemory 或 WriteProcessMemory 请求。 (0x12B)
[0112/212544.886:ERROR:process_memory_win.cc(73)] ReadMemory at 0x1ce05df0d00 of 512 bytes failed: 仅完成部分的 ReadProcessMemory 或 WriteProcessMemory 请求。 (0x12B)
[0112/212544.886:ERROR:process_memory_win.cc(73)] ReadMemory at 0x1ce05f90000 of 384 bytes failed: 仅完成部分的 ReadProcessMemory 或 WriteProcessMemory 请求。 (0x12B)
[0112/212544.886:ERROR:process_memory_win.cc(73)] ReadMemory at 0x1ce05fcafc0 of 512 bytes failed: 仅完成部分的 ReadProcessMemory 或 WriteProcessMemory 请求。 (0x12B)
[0112/212544.887:ERROR:process_memory_win.cc(73)] ReadMemory at 0x1ce05fcfc40 of 512 bytes failed: 仅完成部分的 ReadProcessMemory 或 WriteProcessMemory 请求。 (0x12B)
[0112/212544.887:ERROR:process_memory_win.cc(73)] ReadMemory at 0x1ce05fd3e70 of 512 bytes failed: 仅完成部分的 ReadProcessMemory 或 WriteProcessMemory 请求。 (0x12B)
[0112/212544.887:ERROR:process_memory_win.cc(73)] ReadMemory at 0x1ce05fda320 of 512 bytes failed: 仅完成部分的 ReadProcessMemory 或 WriteProcessMemory 请求。 (0x12B)
[0112/212544.887:ERROR:process_memory_win.cc(73)] ReadMemory at 0x1ce06006e20 of 712 bytes failed: 仅完成部分的 ReadProcessMemory 或 WriteProcessMemory 请求。 (0x12B)
[0112/212544.887:ERROR:process_memory_win.cc(73)] ReadMemory at 0x1ce06014898 of 800 bytes failed: 仅完成部分的 ReadProcessMemory 或 WriteProcessMemory 请求。 (0x12B)
[0112/212544.887:ERROR:process_memory_win.cc(73)] ReadMemory at 0x1ce0603cf50 of 512 bytes failed: 仅完成部分的 ReadProcessMemory 或 WriteProcessMemory 请求。 (0x12B)
[0112/212544.887:ERROR:process_memory_win.cc(73)] ReadMemory at 0x1ce060465b8 of 512 bytes failed: 仅完成部分的 ReadProcessMemory 或 WriteProcessMemory 请求。 (0x12B)
[0112/212544.887:ERROR:process_memory_win.cc(73)] ReadMemory at 0x1ce07d8ceb8 of 512 bytes failed: 仅完成部分的 ReadProcessMemory 或 WriteProcessMemory 请求。 (0x12B)
[0112/212544.887:ERROR:process_memory_win.cc(73)] ReadMemory at 0x1ce07d8d338 of 512 bytes failed: 仅完成部分的 ReadProcessMemory 或 WriteProcessMemory 请求。 (0x12B)
[0112/212544.887:ERROR:process_memory_win.cc(73)] ReadMemory at 0x1ce07d8d848 of 512 bytes failed: 仅完成部分的 ReadProcessMemory 或 WriteProcessMemory 请求。 (0x12B)
[0112/212544.887:ERROR:process_memory_win.cc(73)] ReadMemory at 0x1ce07da4140 of 512 bytes failed: 仅完成部分的 ReadProcessMemory 或 WriteProcessMemory 请求。 (0x12B)
[0112/212544.887:ERROR:process_memory_win.cc(73)] ReadMemory at 0x1ce0836f460 of 512 bytes failed: 仅完成部分的 ReadProcessMemory 或 WriteProcessMemory 请求。 (0x12B)
[0112/212544.887:ERROR:process_memory_win.cc(73)] ReadMemory at 0x7ff87fa4c64c of 512 bytes failed: 仅完成部分的 ReadProcessMemory 或 WriteProcessMemory 请求。 (0x12B)
[0112/212544.887:ERROR:process_memory_win.cc(73)] ReadMemory at 0x7ff8801b5204 of 553 bytes failed: 仅完成部分的 ReadProcessMemory 或 WriteProcessMemory 请求。 (0x12B)
[0112/212544.888:ERROR:process_memory_win.cc(73)] ReadMemory at 0x7ff8d63bb6d0 of 512 bytes failed: 仅完成部分的 ReadProcessMemory 或 WriteProcessMemory 请求。 (0x12B)
[0112/212544.888:ERROR:process_memory_win.cc(73)] ReadMemory at 0x7ff8d843c0c4 of 672 bytes failed: 仅完成部分的 ReadProcessMemory 或 WriteProcessMemory 请求。 (0x12B)
[0112/212544.888:ERROR:process_memory_win.cc(73)] ReadMemory at 0x7ff8d843c6c4 of 512 bytes failed: 仅完成部分的 ReadProcessMemory 或 WriteProcessMemory 请求。 (0x12B)
[0112/212544.888:ERROR:process_memory_win.cc(73)] ReadMemory at 0x7ff8d843f974 of 608 bytes failed: 仅完成部分的 ReadProcessMemory 或 WriteProcessMemory 请求。 (0x12B)
[0112/212544.888:ERROR:process_memory_win.cc(73)] ReadMemory at 0x7ff8d84cc428 of 18 bytes failed: 仅完成部分的 ReadProcessMemory 或 WriteProcessMemory 请求。 (0x12B)
[0112/212544.888:ERROR:process_memory_win.cc(73)] ReadMemory at 0x7ff8d84ff4f8 of 40 bytes failed: 仅完成部分的 ReadProcessMemory 或 WriteProcessMemory 请求。 (0x12B)
[0112/212544.888:ERROR:process_memory_win.cc(73)] ReadMemory at 0x7ff8d84ff978 of 48 bytes failed: 仅完成部分的 ReadProcessMemory 或 WriteProcessMemory 请求。 (0x12B)
[0112/212544.888:ERROR:process_memory_win.cc(73)] ReadMemory at 0x7ff8d85053c0 of 64 bytes failed: 仅完成部分的 ReadProcessMemory 或 WriteProcessMemory 请求。 (0x12B)
[0112/212544.891:ERROR:scoped_process_suspend.cc(40)] NtResumeProcess: 已尝试访问正在退出的过程。 (0xc000010a)
